d:\download\trabajo_inf_2024\nueva carpeta\ajedrez\ajedrez\ajedrez\ajedrez\x64\debug\vc143.pdb
d:\download\trabajo_inf_2024\nueva carpeta\ajedrez\ajedrez\ajedrez\ajedrez\x64\debug\vc143.idb
d:\download\trabajo_inf_2024\nueva carpeta\ajedrez\ajedrez\ajedrez\ajedrez\x64\debug\tablero.obj
d:\download\trabajo_inf_2024\nueva carpeta\ajedrez\ajedrez\ajedrez\ajedrez\x64\debug\pieza.obj
d:\download\trabajo_inf_2024\nueva carpeta\ajedrez\ajedrez\ajedrez\ajedrez\x64\debug\peon.obj
d:\download\trabajo_inf_2024\nueva carpeta\ajedrez\ajedrez\ajedrez\ajedrez\x64\debug\mundo.obj
d:\download\trabajo_inf_2024\nueva carpeta\ajedrez\ajedrez\ajedrez\ajedrez\x64\debug\glut.obj
d:\download\trabajo_inf_2024\nueva carpeta\ajedrez\ajedrez\ajedrez\ajedrez\x64\debug\casilla.obj
d:\download\trabajo_inf_2024\nueva carpeta\ajedrez\ajedrez\ajedrez\ajedrez\x64\debug\ajedrez.obj
d:\download\trabajo_inf_2024\nueva carpeta\ajedrez\ajedrez\ajedrez\x64\debug\ajedrez.exe
d:\download\trabajo_inf_2024\nueva carpeta\ajedrez\ajedrez\ajedrez\x64\debug\ajedrez.pdb
d:\download\trabajo_inf_2024\nueva carpeta\ajedrez\ajedrez\ajedrez\ajedrez\x64\debug\ajedrez.res
d:\download\trabajo_inf_2024\nueva carpeta\ajedrez\ajedrez\ajedrez\ajedrez\x64\debug\ajedrez.ilk
d:\download\trabajo_inf_2024\nueva carpeta\ajedrez\ajedrez\ajedrez\ajedrez\x64\debug\ajedrez.tlog\cl.command.1.tlog
d:\download\trabajo_inf_2024\nueva carpeta\ajedrez\ajedrez\ajedrez\ajedrez\x64\debug\ajedrez.tlog\cl.items.tlog
d:\download\trabajo_inf_2024\nueva carpeta\ajedrez\ajedrez\ajedrez\ajedrez\x64\debug\ajedrez.tlog\cl.read.1.tlog
d:\download\trabajo_inf_2024\nueva carpeta\ajedrez\ajedrez\ajedrez\ajedrez\x64\debug\ajedrez.tlog\cl.write.1.tlog
d:\download\trabajo_inf_2024\nueva carpeta\ajedrez\ajedrez\ajedrez\ajedrez\x64\debug\ajedrez.tlog\link.command.1.tlog
d:\download\trabajo_inf_2024\nueva carpeta\ajedrez\ajedrez\ajedrez\ajedrez\x64\debug\ajedrez.tlog\link.read.1.tlog
d:\download\trabajo_inf_2024\nueva carpeta\ajedrez\ajedrez\ajedrez\ajedrez\x64\debug\ajedrez.tlog\link.secondary.1.tlog
d:\download\trabajo_inf_2024\nueva carpeta\ajedrez\ajedrez\ajedrez\ajedrez\x64\debug\ajedrez.tlog\link.write.1.tlog
d:\download\trabajo_inf_2024\nueva carpeta\ajedrez\ajedrez\ajedrez\ajedrez\x64\debug\ajedrez.tlog\rc.command.1.tlog
d:\download\trabajo_inf_2024\nueva carpeta\ajedrez\ajedrez\ajedrez\ajedrez\x64\debug\ajedrez.tlog\rc.read.1.tlog
d:\download\trabajo_inf_2024\nueva carpeta\ajedrez\ajedrez\ajedrez\ajedrez\x64\debug\ajedrez.tlog\rc.write.1.tlog
